<?xml version="1.0" encoding="UTF-8"?>
<!-- Generated by org.testng.reporters.JUnitXMLReporter -->
<testsuite hostname="DESKTOP-P9O646S" ignored="2" name="Application Test" tests="4" failures="0" timestamp="23 Dec 2018 22:43:59 GMT" time="0.15" errors="0">
  <testcase name="testMethod1" time="0.026" classname="testngdemo.NewTest1"/>
  <testcase name="testMethod2" time="0.008" classname="testngdemo.NewTest1"/>
  <testcase name="testMethod1" time="0.003" classname="testngdemo.NewTest2"/>
  <testcase name="testMethod2" time="0.004" classname="testngdemo.NewTest2"/>
  <testcase name="@AfterSuite afterSuite" time="0.0" classname="base.NewTestBase">
    <ignored/>
  </testcase> <!-- @AfterSuite afterSuite -->
  <testcase name="@BeforeSuite beforeSuite" time="0.0" classname="base.NewTestBase">
    <ignored/>
  </testcase> <!-- @BeforeSuite beforeSuite -->
</testsuite> <!-- Application Test -->
