<?xml version="1.0" encoding="UTF-8"?>
<!-- Generated by org.testng.reporters.JUnitXMLReporter -->
<testsuite hostname="DESKTOP-P9O646S" ignored="6" name="Application Test 1" tests="7" failures="0" timestamp="04 Jan 2019 07:28:08 GMT" time="0.413" errors="0">
  <testcase name="testMethod3" time="0.006" classname="testngdemo.NewTest1"/>
  <testcase name="testMethod4" time="0.006" classname="testngdemo.NewTest1"/>
  <testcase name="testMethod5" time="0.007" classname="testngdemo.NewTest1"/>
  <testcase name="testMethod6" time="0.005" classname="testngdemo.NewTest2"/>
  <testcase name="testMethod3" time="0.254" classname="testngdemo.NewTest2"/>
  <testcase name="testMethod7" time="0.004" classname="testngdemo.NewTest2"/>
  <testcase name="testMethod5" time="0.003" classname="testngdemo.NewTest2"/>
  <testcase name="testMethod1" time="0.0" classname="testngdemo.NewTest2">
    <ignored/>
  </testcase> <!-- testMethod1 -->
  <testcase name="testMethod6" time="0.0" classname="testngdemo.NewTest1">
    <ignored/>
  </testcase> <!-- testMethod6 -->
  <testcase name="testMethod1" time="0.0" classname="testngdemo.NewTest1">
    <ignored/>
  </testcase> <!-- testMethod1 -->
  <testcase name="testMethod4" time="0.0" classname="testngdemo.NewTest2">
    <ignored/>
  </testcase> <!-- testMethod4 -->
  <testcase name="testMethod2" time="0.0" classname="testngdemo.NewTest2">
    <ignored/>
  </testcase> <!-- testMethod2 -->
  <testcase name="testMethod2" time="0.0" classname="testngdemo.NewTest1">
    <ignored/>
  </testcase> <!-- testMethod2 -->
</testsuite> <!-- Application Test 1 -->
