<?xml version="1.0" encoding="UTF-8"?>
<testng-results skipped="0" failed="0" ignored="0" total="1" passed="1">
  <reporter-output>
  </reporter-output>
  <suite name="Default suite" duration-ms="138" started-at="2019-01-12T00:11:21Z" finished-at="2019-01-12T00:11:21Z">
    <groups>
    </groups>
    <test name="Default test" duration-ms="138" started-at="2019-01-12T00:11:21Z" finished-at="2019-01-12T00:11:21Z">
      <class name="database.testng.MyMongoDBTest">
        <test-method status="PASS" signature="beforeClass()[pri:0, instance:database.testng.MyMongoDBTest@8bd1b6a]" name="beforeClass" is-config="true" duration-ms="34" started-at="2019-01-12T00:11:21Z" finished-at="2019-01-12T00:11:21Z">
          <reporter-output>
          </reporter-output>
        </test-method> <!-- beforeClass -->
        <test-method status="PASS" signature="f()[pri:0, instance:database.testng.MyMongoDBTest@8bd1b6a]" name="f" duration-ms="22" started-at="2019-01-12T00:11:21Z" finished-at="2019-01-12T00:11:21Z">
          <reporter-output>
          </reporter-output>
        </test-method> <!-- f -->
        <test-method status="PASS" signature="afterClass()[pri:0, instance:database.testng.MyMongoDBTest@8bd1b6a]" name="afterClass" is-config="true" duration-ms="1" started-at="2019-01-12T00:11:21Z" finished-at="2019-01-12T00:11:21Z">
          <reporter-output>
          </reporter-output>
        </test-method> <!-- afterClass -->
      </class> <!-- database.testng.MyMongoDBTest -->
    </test> <!-- Default test -->
  </suite> <!-- Default suite -->
</testng-results>
