<?xml version="1.0" encoding="UTF-8"?>
<!-- Generated by org.testng.reporters.JUnitXMLReporter -->
<testsuite hostname="DESKTOP-P9O646S" ignored="0" name="Application Test 1" tests="8" failures="1" timestamp="09 Jan 2019 06:54:37 GMT" time="341.363" errors="0">
  <testcase name="test" time="50.788" classname="testngdemo.ExpediaSrchPageTestng"/>
  <testcase name="test" time="42.303" classname="testngdemo.ExpediaSrchPageTestng"/>
  <testcase name="test" time="37.711" classname="testngdemo.ExpediaSrchPageTestng"/>
  <testcase name="test" time="36.034" classname="testngdemo.ExpediaSrchPageTestng"/>
  <testcase name="test" time="17.032" classname="testngdemo.ExpediaSrchPageTestng">
    <failure type="java.lang.IllegalArgumentException" message="Keys to send should be a not null CharSequence">
      <![CDATA[java.lang.IllegalArgumentException: Keys to send should be a not null CharSequence
at org.openqa.selenium.remote.RemoteWebElement.sendKeys(RemoteWebElement.java:97)
at org.openqa.selenium.support.pagefactory.internal.LocatingElementHandler.invoke(LocatingElementHandler.java:51)
at com.sun.proxy.$Proxy29.sendKeys(Unknown Source)
at testngdemo.ExpediaPageObjFactory.getFlyingFrom(ExpediaPageObjFactory.java:45)
at testngdemo.ExpediaSrchPageTestng.test(ExpediaSrchPageTestng.java:82)
... Removed 28 stack frames]]>
    </failure>
  </testcase> <!-- test -->
  <testcase name="test" time="38.082" classname="testngdemo.ExpediaSrchPageTestng"/>
  <testcase name="test" time="43.614" classname="testngdemo.ExpediaSrchPageTestng"/>
  <testcase name="test" time="44.47" classname="testngdemo.ExpediaSrchPageTestng"/>
</testsuite> <!-- Application Test 1 -->
