<?xml version="1.0" encoding="UTF-8"?>
<!-- Generated by org.testng.reporters.JUnitXMLReporter -->
<testsuite hostname="DESKTOP-P9O646S" ignored="5" name="Application Test 2" tests="12" failures="0" timestamp="05 Jan 2019 08:52:28 GMT" time="12.271" errors="0">
  <testcase name="testMethod1" time="2.174" classname="testngdemo.NewTest1"/>
  <testcase name="testMethod2" time="0.003" classname="testngdemo.NewTest1"/>
  <testcase name="testMethod3" time="0.002" classname="testngdemo.NewTest1"/>
  <testcase name="testMethod4" time="0.001" classname="testngdemo.NewTest1"/>
  <testcase name="testMethod5" time="0.002" classname="testngdemo.NewTest1"/>
  <testcase name="testMethod6" time="0.003" classname="testngdemo.NewTest1"/>
  <testcase name="testMethod6" time="0.002" classname="testngdemo.NewTest2"/>
  <testcase name="testMethod2" time="0.003" classname="testngdemo.NewTest2"/>
  <testcase name="testMethod3" time="0.22" classname="testngdemo.NewTest2"/>
  <testcase name="testMethod7" time="0.003" classname="testngdemo.NewTest2"/>
  <testcase name="testMethod5" time="0.003" classname="testngdemo.NewTest2"/>
  <testcase name="testMethod1" time="0.002" classname="testngdemo.NewTest2"/>
  <testcase name="@AfterTest afterTest" time="0.0" classname="base.NewTestBase">
    <ignored/>
  </testcase> <!-- @AfterTest afterTest -->
  <testcase name="@AfterSuite afterSuite" time="0.0" classname="base.NewTestBase">
    <ignored/>
  </testcase> <!-- @AfterSuite afterSuite -->
  <testcase name="@BeforeTest beforeTest" time="0.0" classname="base.NewTestBase">
    <ignored/>
  </testcase> <!-- @BeforeTest beforeTest -->
  <testcase name="testMethod4" time="0.0" classname="testngdemo.NewTest2">
    <ignored/>
  </testcase> <!-- testMethod4 -->
  <testcase name="@BeforeSuite beforeSuite" time="0.0" classname="base.NewTestBase">
    <ignored/>
  </testcase> <!-- @BeforeSuite beforeSuite -->
</testsuite> <!-- Application Test 2 -->
