<?xml version="1.0" encoding="UTF-8"?>
<!-- Generated by org.testng.reporters.JUnitXMLReporter -->
<testsuite hostname="DESKTOP-P9O646S" ignored="0" name="Application Test" tests="3" failures="1" timestamp="04 Jan 2019 19:37:57 GMT" time="0.14" errors="0">
  <testcase name="testMethod2" time="0.022" classname="testngdemo.TestngListenerDemo">
    <failure type="java.lang.AssertionError" message="expected [true] but found [false]">
      <![CDATA[java.lang.AssertionError: expected [true] but found [false]
at testngdemo.TestngListenerDemo.testMethod2(TestngListenerDemo.java:78)
... Removed 29 stack frames]]>
    </failure>
  </testcase> <!-- testMethod2 -->
  <testcase name="testMethod1" time="0.005" classname="testngdemo.TestngListenerDemo"/>
  <testcase name="testMethod3" time="0.0" classname="testngdemo.TestngListenerDemo">
    <skipped/>
  </testcase> <!-- testMethod3 -->
</testsuite> <!-- Application Test -->
